This is pdfTeX, Version 3.1415926-2.5-1.40.14 (MiKTeX 2.9) (preloaded format=pdflatex 2014.9.4)  2 SEP 2015 19:09
entering extended mode
**C:/Users/hama5111/Dropbox/Forskning/Labour*market*flows*(1)/writing/Working*P
aper/working_paper.tex

("C:/Users/hama5111/Dropbox/Forskning/Labour market flows (1)/writing/Working P
aper/working_paper.tex"
LaTeX2e <2014/05/01>
Babel <3.9k> and hyphenation patterns for 68 languages loaded.
(C:\Users\hama5111\Program\tex\latex\base\article.cls
Document Class: article 2007/10/19 v1.4h Standard LaTeX document class
(C:\Users\hama5111\Program\tex\latex\base\size10.clo
File: size10.clo 2007/10/19 v1.4h Standard LaTeX file (size option)
)
\c@part=\count79
\c@section=\count80
\c@subsection=\count81
\c@subsubsection=\count82
\c@paragraph=\count83
\c@subparagraph=\count84
\c@figure=\count85
\c@table=\count86
\abovecaptionskip=\skip41
\belowcaptionskip=\skip42
\bibindent=\dimen102
)
(C:\Users\hama5111\Program\tex\latex\preprint\fullpage.sty
Package: fullpage 1999/02/23 1.1 (PWD)
\FP@margin=\skip43
)
(C:\Users\hama5111\Program\tex\latex\amsmath\amsmath.sty
Package: amsmath 2013/01/14 v2.14 AMS math features
\@mathmargin=\skip44

For additional information on amsmath, use the `?' option.
(C:\Users\hama5111\Program\tex\latex\amsmath\amstext.sty
Package: amstext 2000/06/29 v2.01

(C:\Users\hama5111\Program\tex\latex\amsmath\amsgen.sty
File: amsgen.sty 1999/11/30 v2.0
\@emptytoks=\toks14
\ex@=\dimen103
))
(C:\Users\hama5111\Program\tex\latex\amsmath\amsbsy.sty
Package: amsbsy 1999/11/29 v1.2d
\pmbraise@=\dimen104
)
(C:\Users\hama5111\Program\tex\latex\amsmath\amsopn.sty
Package: amsopn 1999/12/14 v2.01 operator names
)
\inf@bad=\count87
LaTeX Info: Redefining \frac on input line 210.
\uproot@=\count88
\leftroot@=\count89
LaTeX Info: Redefining \overline on input line 306.
\classnum@=\count90
\DOTSCASE@=\count91
LaTeX Info: Redefining \ldots on input line 378.
LaTeX Info: Redefining \dots on input line 381.
LaTeX Info: Redefining \cdots on input line 466.
\Mathstrutbox@=\box26
\strutbox@=\box27
\big@size=\dimen105
LaTeX Font Info:    Redeclaring font encoding OML on input line 566.
LaTeX Font Info:    Redeclaring font encoding OMS on input line 567.
\macc@depth=\count92
\c@MaxMatrixCols=\count93
\dotsspace@=\muskip10
\c@parentequation=\count94
\dspbrk@lvl=\count95
\tag@help=\toks15
\row@=\count96
\column@=\count97
\maxfields@=\count98
\andhelp@=\toks16
\eqnshift@=\dimen106
\alignsep@=\dimen107
\tagshift@=\dimen108
\tagwidth@=\dimen109
\totwidth@=\dimen110
\lineht@=\dimen111
\@envbody=\toks17
\multlinegap=\skip45
\multlinetaggap=\skip46
\mathdisplay@stack=\toks18
LaTeX Info: Redefining \[ on input line 2665.
LaTeX Info: Redefining \] on input line 2666.
)
(C:\Users\hama5111\Program\tex\latex\amsfonts\amssymb.sty
Package: amssymb 2013/01/14 v3.01 AMS font symbols

(C:\Users\hama5111\Program\tex\latex\amsfonts\amsfonts.sty
Package: amsfonts 2013/01/14 v3.01 Basic AMSFonts support
\symAMSa=\mathgroup4
\symAMSb=\mathgroup5
LaTeX Font Info:    Overwriting math alphabet `\mathfrak' in version `bold'
(Font)                  U/euf/m/n --> U/euf/b/n on input line 106.
))
(C:\Users\hama5111\Program\tex\latex\mh\mathtools.sty
Package: mathtools 2014/05/21 v1.14 mathematical typesetting tools

(C:\Users\hama5111\Program\tex\latex\graphics\keyval.sty
Package: keyval 2014/05/08 v1.15 key=value parser (DPC)
\KV@toks@=\toks19
)
(C:\Users\hama5111\Program\tex\latex\tools\calc.sty
Package: calc 2007/08/22 v4.3 Infix arithmetic (KKT,FJ)
\calc@Acount=\count99
\calc@Bcount=\count100
\calc@Adimen=\dimen112
\calc@Bdimen=\dimen113
\calc@Askip=\skip47
\calc@Bskip=\skip48
LaTeX Info: Redefining \setlength on input line 75.
LaTeX Info: Redefining \addtolength on input line 76.
\calc@Ccount=\count101
\calc@Cskip=\skip49
)
(C:\Users\hama5111\Program\tex\latex\mh\mhsetup.sty
Package: mhsetup 2010/01/21 v1.2a programming setup (MH)
)
LaTeX Info: Thecontrolsequence`\['isalreadyrobust on input line 129.
LaTeX Info: Thecontrolsequence`\]'isalreadyrobust on input line 129.
\g_MT_multlinerow_int=\count102
\l_MT_multwidth_dim=\dimen114
\origjot=\skip50
\l_MT_shortvdotswithinadjustabove_dim=\dimen115
\l_MT_shortvdotswithinadjustbelow_dim=\dimen116
\l_MT_above_intertext_sep=\dimen117
\l_MT_below_intertext_sep=\dimen118
\l_MT_above_shortintertext_sep=\dimen119
\l_MT_below_shortintertext_sep=\dimen120
)
(C:\Users\hama5111\Program\tex\latex\natbib\natbib.sty
Package: natbib 2010/09/13 8.31b (PWD, AO)
\bibhang=\skip51
\bibsep=\skip52
LaTeX Info: Redefining \cite on input line 694.
\c@NAT@ctr=\count103
)
(C:\Users\hama5111\Program\tex\latex\graphics\graphicx.sty
Package: graphicx 2014/04/25 v1.0g Enhanced LaTeX Graphics (DPC,SPQR)

(C:\Users\hama5111\Program\tex\latex\graphics\graphics.sty
Package: graphics 2009/02/05 v1.0o Standard LaTeX Graphics (DPC,SPQR)

(C:\Users\hama5111\Program\tex\latex\graphics\trig.sty
Package: trig 1999/03/16 v1.09 sin cos tan (DPC)
)
(C:\Users\hama5111\Program\tex\latex\00miktex\graphics.cfg
File: graphics.cfg 2007/01/18 v1.5 graphics configuration of teTeX/TeXLive
)
Package graphics Info: Driver file: pdftex.def on input line 91.

(C:\Users\hama5111\Program\tex\latex\pdftex-def\pdftex.def
File: pdftex.def 2011/05/27 v0.06d Graphics/color for pdfTeX

(C:\Users\hama5111\Program\tex\generic\oberdiek\infwarerr.sty
Package: infwarerr 2010/04/08 v1.3 Providing info/warning/error messages (HO)
)
(C:\Users\hama5111\Program\tex\generic\oberdiek\ltxcmds.sty
Package: ltxcmds 2011/11/09 v1.22 LaTeX kernel commands for general use (HO)
)
\Gread@gobject=\count104
))
\Gin@req@height=\dimen121
\Gin@req@width=\dimen122
)
(C:\Users\hama5111\Program\tex\latex\placeins\placeins.sty
Package: placeins 2005/04/18  v 2.2
)
(C:\Users\hama5111\Program\tex\latex\tools\tabularx.sty
Package: tabularx 2014/05/13 v2.10 `tabularx' package (DPC)

(C:\Users\hama5111\Program\tex\latex\tools\array.sty
Package: array 2008/09/09 v2.4c Tabular extension package (FMi)
\col@sep=\dimen123
\extrarowheight=\dimen124
\NC@list=\toks20
\extratabsurround=\skip53
\backup@length=\skip54
)
\TX@col@width=\dimen125
\TX@old@table=\dimen126
\TX@old@col=\dimen127
\TX@target=\dimen128
\TX@delta=\dimen129
\TX@cols=\count105
\TX@ftn=\toks21
)
(C:\Users\hama5111\Program\tex\latex\booktabs\booktabs.sty
Package: booktabs 2005/04/14 v1.61803 publication quality tables
\heavyrulewidth=\dimen130
\lightrulewidth=\dimen131
\cmidrulewidth=\dimen132
\belowrulesep=\dimen133
\belowbottomsep=\dimen134
\aboverulesep=\dimen135
\abovetopsep=\dimen136
\cmidrulesep=\dimen137
\cmidrulekern=\dimen138
\defaultaddspace=\dimen139
\@cmidla=\count106
\@cmidlb=\count107
\@aboverulesep=\dimen140
\@belowrulesep=\dimen141
\@thisruleclass=\count108
\@lastruleclass=\count109
\@thisrulewidth=\dimen142
)
(C:\Users\hama5111\Program\tex\latex\pgf\frontendlayer\tikz.sty
(C:\Users\hama5111\Program\tex\latex\pgf\basiclayer\pgf.sty
(C:\Users\hama5111\Program\tex\latex\pgf\utilities\pgfrcs.sty
(C:\Users\hama5111\Program\tex\generic\pgf\utilities\pgfutil-common.tex
\pgfutil@everybye=\toks22
\pgfutil@tempdima=\dimen143
\pgfutil@tempdimb=\dimen144

(C:\Users\hama5111\Program\tex\generic\pgf\utilities\pgfutil-common-lists.tex))
(C:\Users\hama5111\Program\tex\generic\pgf\utilities\pgfutil-latex.def
\pgfutil@abb=\box28

(C:\Users\hama5111\Program\tex\latex\ms\everyshi.sty
Package: everyshi 2001/05/15 v3.00 EveryShipout Package (MS)
))
(C:\Users\hama5111\Program\tex\generic\pgf\utilities\pgfrcs.code.tex
Package: pgfrcs 2013/12/20 v3.0.0 (rcs-revision 1.28)
))
Package: pgf 2013/12/18 v3.0.0 (rcs-revision 1.14)

(C:\Users\hama5111\Program\tex\latex\pgf\basiclayer\pgfcore.sty
(C:\Users\hama5111\Program\tex\latex\pgf\systemlayer\pgfsys.sty
(C:\Users\hama5111\Program\tex\generic\pgf\systemlayer\pgfsys.code.tex
Package: pgfsys 2013/11/30 v3.0.0 (rcs-revision 1.47)

(C:\Users\hama5111\Program\tex\generic\pgf\utilities\pgfkeys.code.tex
\pgfkeys@pathtoks=\toks23
\pgfkeys@temptoks=\toks24

(C:\Users\hama5111\Program\tex\generic\pgf\utilities\pgfkeysfiltered.code.tex
\pgfkeys@tmptoks=\toks25
))
\pgf@x=\dimen145
\pgf@y=\dimen146
\pgf@xa=\dimen147
\pgf@ya=\dimen148
\pgf@xb=\dimen149
\pgf@yb=\dimen150
\pgf@xc=\dimen151
\pgf@yc=\dimen152
\w@pgf@writea=\write3
\r@pgf@reada=\read1
\c@pgf@counta=\count110
\c@pgf@countb=\count111
\c@pgf@countc=\count112
\c@pgf@countd=\count113
\t@pgf@toka=\toks26
\t@pgf@tokb=\toks27
\t@pgf@tokc=\toks28
(C:\Users\hama5111\Program\tex\generic\pgf\systemlayer\pgf.cfg
File: pgf.cfg 2008/05/14  (rcs-revision 1.7)
)
Driver file for pgf: pgfsys-pdftex.def

(C:\Users\hama5111\Program\tex\generic\pgf\systemlayer\pgfsys-pdftex.def
File: pgfsys-pdftex.def 2013/07/18  (rcs-revision 1.33)

(C:\Users\hama5111\Program\tex\generic\pgf\systemlayer\pgfsys-common-pdf.def
File: pgfsys-common-pdf.def 2013/10/10  (rcs-revision 1.13)
))) (C:\Users\hama5111\Program\tex\generic\pgf\systemlayer\pgfsyssoftpath.code.
tex
File: pgfsyssoftpath.code.tex 2013/09/09  (rcs-revision 1.9)
\pgfsyssoftpath@smallbuffer@items=\count114
\pgfsyssoftpath@bigbuffer@items=\count115
)
(C:\Users\hama5111\Program\tex\generic\pgf\systemlayer\pgfsysprotocol.code.tex
File: pgfsysprotocol.code.tex 2006/10/16  (rcs-revision 1.4)
)) (C:\Users\hama5111\Program\tex\latex\xcolor\xcolor.sty
Package: xcolor 2007/01/21 v2.11 LaTeX color extensions (UK)

(C:\Users\hama5111\Program\tex\latex\00miktex\color.cfg
File: color.cfg 2007/01/18 v1.5 color configuration of teTeX/TeXLive
)
Package xcolor Info: Driver file: pdftex.def on input line 225.
Package xcolor Info: Model `cmy' substituted by `cmy0' on input line 1337.
Package xcolor Info: Model `hsb' substituted by `rgb' on input line 1341.
Package xcolor Info: Model `RGB' extended on input line 1353.
Package xcolor Info: Model `HTML' substituted by `rgb' on input line 1355.
Package xcolor Info: Model `Hsb' substituted by `hsb' on input line 1356.
Package xcolor Info: Model `tHsb' substituted by `hsb' on input line 1357.
Package xcolor Info: Model `HSB' substituted by `hsb' on input line 1358.
Package xcolor Info: Model `Gray' substituted by `gray' on input line 1359.
Package xcolor Info: Model `wave' substituted by `hsb' on input line 1360.
)
(C:\Users\hama5111\Program\tex\generic\pgf\basiclayer\pgfcore.code.tex
Package: pgfcore 2010/04/11 v3.0.0 (rcs-revision 1.7)

(C:\Users\hama5111\Program\tex\generic\pgf\math\pgfmath.code.tex
(C:\Users\hama5111\Program\tex\generic\pgf\math\pgfmathcalc.code.tex
(C:\Users\hama5111\Program\tex\generic\pgf\math\pgfmathutil.code.tex)
(C:\Users\hama5111\Program\tex\generic\pgf\math\pgfmathparser.code.tex
\pgfmath@dimen=\dimen153
\pgfmath@count=\count116
\pgfmath@box=\box29
\pgfmath@toks=\toks29
\pgfmath@stack@operand=\toks30
\pgfmath@stack@operation=\toks31
)
(C:\Users\hama5111\Program\tex\generic\pgf\math\pgfmathfunctions.code.tex
(C:\Users\hama5111\Program\tex\generic\pgf\math\pgfmathfunctions.basic.code.tex
)
(C:\Users\hama5111\Program\tex\generic\pgf\math\pgfmathfunctions.trigonometric.
code.tex)
(C:\Users\hama5111\Program\tex\generic\pgf\math\pgfmathfunctions.random.code.te
x)
(C:\Users\hama5111\Program\tex\generic\pgf\math\pgfmathfunctions.comparison.cod
e.tex)
(C:\Users\hama5111\Program\tex\generic\pgf\math\pgfmathfunctions.base.code.tex)

(C:\Users\hama5111\Program\tex\generic\pgf\math\pgfmathfunctions.round.code.tex
)
(C:\Users\hama5111\Program\tex\generic\pgf\math\pgfmathfunctions.misc.code.tex)

(C:\Users\hama5111\Program\tex\generic\pgf\math\pgfmathfunctions.integerarithme
tics.code.tex)))
(C:\Users\hama5111\Program\tex\generic\pgf\math\pgfmathfloat.code.tex
\c@pgfmathroundto@lastzeros=\count117
))
(C:\Users\hama5111\Program\tex\generic\pgf\basiclayer\pgfcorepoints.code.tex
File: pgfcorepoints.code.tex 2013/10/07  (rcs-revision 1.27)
\pgf@picminx=\dimen154
\pgf@picmaxx=\dimen155
\pgf@picminy=\dimen156
\pgf@picmaxy=\dimen157
\pgf@pathminx=\dimen158
\pgf@pathmaxx=\dimen159
\pgf@pathminy=\dimen160
\pgf@pathmaxy=\dimen161
\pgf@xx=\dimen162
\pgf@xy=\dimen163
\pgf@yx=\dimen164
\pgf@yy=\dimen165
\pgf@zx=\dimen166
\pgf@zy=\dimen167
)
(C:\Users\hama5111\Program\tex\generic\pgf\basiclayer\pgfcorepathconstruct.code
.tex
File: pgfcorepathconstruct.code.tex 2013/10/07  (rcs-revision 1.29)
\pgf@path@lastx=\dimen168
\pgf@path@lasty=\dimen169
)
(C:\Users\hama5111\Program\tex\generic\pgf\basiclayer\pgfcorepathusage.code.tex
File: pgfcorepathusage.code.tex 2013/12/13  (rcs-revision 1.23)
\pgf@shorten@end@additional=\dimen170
\pgf@shorten@start@additional=\dimen171
) (C:\Users\hama5111\Program\tex\generic\pgf\basiclayer\pgfcorescopes.code.tex
File: pgfcorescopes.code.tex 2013/10/09  (rcs-revision 1.44)
\pgfpic=\box30
\pgf@hbox=\box31
\pgf@layerbox@main=\box32
\pgf@picture@serial@count=\count118
)
(C:\Users\hama5111\Program\tex\generic\pgf\basiclayer\pgfcoregraphicstate.code.
tex
File: pgfcoregraphicstate.code.tex 2013/09/19  (rcs-revision 1.11)
\pgflinewidth=\dimen172
)
(C:\Users\hama5111\Program\tex\generic\pgf\basiclayer\pgfcoretransformations.co
de.tex
File: pgfcoretransformations.code.tex 2013/10/10  (rcs-revision 1.17)
\pgf@pt@x=\dimen173
\pgf@pt@y=\dimen174
\pgf@pt@temp=\dimen175
)
(C:\Users\hama5111\Program\tex\generic\pgf\basiclayer\pgfcorequick.code.tex
File: pgfcorequick.code.tex 2008/10/09  (rcs-revision 1.3)
)
(C:\Users\hama5111\Program\tex\generic\pgf\basiclayer\pgfcoreobjects.code.tex
File: pgfcoreobjects.code.tex 2006/10/11  (rcs-revision 1.2)
)
(C:\Users\hama5111\Program\tex\generic\pgf\basiclayer\pgfcorepathprocessing.cod
e.tex
File: pgfcorepathprocessing.code.tex 2013/09/09  (rcs-revision 1.9)
)
(C:\Users\hama5111\Program\tex\generic\pgf\basiclayer\pgfcorearrows.code.tex
File: pgfcorearrows.code.tex 2013/11/07  (rcs-revision 1.40)
\pgfarrowsep=\dimen176
)
(C:\Users\hama5111\Program\tex\generic\pgf\basiclayer\pgfcoreshade.code.tex
File: pgfcoreshade.code.tex 2013/07/15  (rcs-revision 1.15)
\pgf@max=\dimen177
\pgf@sys@shading@range@num=\count119
)
(C:\Users\hama5111\Program\tex\generic\pgf\basiclayer\pgfcoreimage.code.tex
File: pgfcoreimage.code.tex 2013/07/15  (rcs-revision 1.18)

(C:\Users\hama5111\Program\tex\generic\pgf\basiclayer\pgfcoreexternal.code.tex
File: pgfcoreexternal.code.tex 2013/07/15  (rcs-revision 1.20)
\pgfexternal@startupbox=\box33
)) (C:\Users\hama5111\Program\tex\generic\pgf\basiclayer\pgfcorelayers.code.tex
File: pgfcorelayers.code.tex 2013/07/18  (rcs-revision 1.7)
)
(C:\Users\hama5111\Program\tex\generic\pgf\basiclayer\pgfcoretransparency.code.
tex
File: pgfcoretransparency.code.tex 2013/09/30  (rcs-revision 1.5)
)
(C:\Users\hama5111\Program\tex\generic\pgf\basiclayer\pgfcorepatterns.code.tex
File: pgfcorepatterns.code.tex 2013/11/07  (rcs-revision 1.5)
))) (C:\Users\hama5111\Program\tex\generic\pgf\modules\pgfmoduleshapes.code.tex
File: pgfmoduleshapes.code.tex 2013/10/31  (rcs-revision 1.34)
\pgfnodeparttextbox=\box34
) (C:\Users\hama5111\Program\tex\generic\pgf\modules\pgfmoduleplot.code.tex
File: pgfmoduleplot.code.tex 2013/07/31  (rcs-revision 1.12)
)
(C:\Users\hama5111\Program\tex\latex\pgf\compatibility\pgfcomp-version-0-65.sty
Package: pgfcomp-version-0-65 2007/07/03 v3.0.0 (rcs-revision 1.7)
\pgf@nodesepstart=\dimen178
\pgf@nodesepend=\dimen179
)
(C:\Users\hama5111\Program\tex\latex\pgf\compatibility\pgfcomp-version-1-18.sty
Package: pgfcomp-version-1-18 2007/07/23 v3.0.0 (rcs-revision 1.1)
)) (C:\Users\hama5111\Program\tex\latex\pgf\utilities\pgffor.sty
(C:\Users\hama5111\Program\tex\latex\pgf\utilities\pgfkeys.sty
(C:\Users\hama5111\Program\tex\generic\pgf\utilities\pgfkeys.code.tex))
(C:\Users\hama5111\Program\tex\latex\pgf\math\pgfmath.sty
(C:\Users\hama5111\Program\tex\generic\pgf\math\pgfmath.code.tex))
(C:\Users\hama5111\Program\tex\generic\pgf\utilities\pgffor.code.tex
Package: pgffor 2013/12/13 v3.0.0 (rcs-revision 1.25)

(C:\Users\hama5111\Program\tex\generic\pgf\math\pgfmath.code.tex)
\pgffor@iter=\dimen180
\pgffor@skip=\dimen181
\pgffor@stack=\toks32
\pgffor@toks=\toks33
))
(C:\Users\hama5111\Program\tex\generic\pgf\frontendlayer\tikz\tikz.code.tex
Package: tikz 2013/12/13 v3.0.0 (rcs-revision 1.142)

(C:\Users\hama5111\Program\tex\generic\pgf\libraries\pgflibraryplothandlers.cod
e.tex
File: pgflibraryplothandlers.code.tex 2013/08/31 v3.0.0 (rcs-revision 1.20)
\pgf@plot@mark@count=\count120
\pgfplotmarksize=\dimen182
)
\tikz@lastx=\dimen183
\tikz@lasty=\dimen184
\tikz@lastxsaved=\dimen185
\tikz@lastysaved=\dimen186
\tikzleveldistance=\dimen187
\tikzsiblingdistance=\dimen188
\tikz@figbox=\box35
\tikz@figbox@bg=\box36
\tikz@tempbox=\box37
\tikz@tempbox@bg=\box38
\tikztreelevel=\count121
\tikznumberofchildren=\count122
\tikznumberofcurrentchild=\count123
\tikz@fig@count=\count124

(C:\Users\hama5111\Program\tex\generic\pgf\modules\pgfmodulematrix.code.tex
File: pgfmodulematrix.code.tex 2013/09/17  (rcs-revision 1.8)
\pgfmatrixcurrentrow=\count125
\pgfmatrixcurrentcolumn=\count126
\pgf@matrix@numberofcolumns=\count127
)
\tikz@expandcount=\count128

(C:\Users\hama5111\Program\tex\generic\pgf\frontendlayer\tikz\libraries\tikzlib
rarytopaths.code.tex
File: tikzlibrarytopaths.code.tex 2008/06/17 v3.0.0 (rcs-revision 1.2)
)))
(C:\Users\hama5111\Program\tex\latex\oberdiek\pdflscape.sty
Package: pdflscape 2008/08/11 v0.10 Display of landscape pages in PDF (HO)

(C:\Users\hama5111\Program\tex\latex\graphics\lscape.sty
Package: lscape 2000/10/22 v3.01 Landscape Pages (DPC)
)
(C:\Users\hama5111\Program\tex\generic\oberdiek\ifpdf.sty
Package: ifpdf 2011/01/30 v2.3 Provides the ifpdf switch (HO)
Package ifpdf Info: pdfTeX in PDF mode is detected.
)
Package pdflscape Info: Auto-detected driver: pdftex on input line 80.

(C:\Users\hama5111\Program\tex\generic\ifxetex\ifxetex.sty
Package: ifxetex 2010/09/12 v0.6 Provides ifxetex conditional
))
("C:\Users\hama5111\Dropbox\Forskning\Labour market flows (1)\writing\Working P
aper\working_paper.aux"

LaTeX Warning: Label `fig:LFS_states' multiply defined.

)
LaTeX Font Info:    Checking defaults for OML/cmm/m/it on input line 23.
LaTeX Font Info:    ... okay on input line 23.
LaTeX Font Info:    Checking defaults for T1/cmr/m/n on input line 23.
LaTeX Font Info:    ... okay on input line 23.
LaTeX Font Info:    Checking defaults for OT1/cmr/m/n on input line 23.
LaTeX Font Info:    ... okay on input line 23.
LaTeX Font Info:    Checking defaults for OMS/cmsy/m/n on input line 23.
LaTeX Font Info:    ... okay on input line 23.
LaTeX Font Info:    Checking defaults for OMX/cmex/m/n on input line 23.
LaTeX Font Info:    ... okay on input line 23.
LaTeX Font Info:    Checking defaults for U/cmr/m/n on input line 23.
LaTeX Font Info:    ... okay on input line 23.
 (C:\Users\hama5111\Program\tex\context\base\supp-pdf.mkii
[Loading MPS to PDF converter (version 2006.09.02).]
\scratchcounter=\count129
\scratchdimen=\dimen189
\scratchbox=\box39
\nofMPsegments=\count130
\nofMParguments=\count131
\everyMPshowfont=\toks34
\MPscratchCnt=\count132
\MPscratchDim=\dimen190
\MPnumerator=\count133
\makeMPintoPDFobject=\count134
\everyMPtoPDFconversion=\toks35
) ABD: EveryShipout initializing macros
LaTeX Font Info:    Try loading font information for U+msa on input line 25.

(C:\Users\hama5111\Program\tex\latex\amsfonts\umsa.fd
File: umsa.fd 2013/01/14 v3.01 AMS symbols A
)
LaTeX Font Info:    Try loading font information for U+msb on input line 25.

(C:\Users\hama5111\Program\tex\latex\amsfonts\umsb.fd
File: umsb.fd 2013/01/14 v3.01 AMS symbols B
) [1

{C:/Users/hama5111/AppData/Local/MiKTeX/2.9/pdftex/config/pdftex.map}]
("C:\Users\hama5111\Dropbox\Forskning\Labour market flows (1)\writing\Working P
aper\tex\introduction.tex") [2]
("C:\Users\hama5111\Dropbox\Forskning\Labour market flows (1)\writing\Working P
aper\tex\literature.tex"

Package natbib Warning: Citation `Shimer' on page 3 undefined on input line 3.


Package natbib Warning: Citation `Elsby et al' on page 3 undefined on input lin
e 5.


Package natbib Warning: Citation `Shimer' on page 3 undefined on input line 5.

) [3]
("C:\Users\hama5111\Dropbox\Forskning\Labour market flows (1)\writing\Working P
aper\tex\method.tex" [4] [5]
Missing character: There is no Â in font cmr10!
Missing character: There is no   in font cmr10!
 [6] [7]
Missing character: There is no Â in font cmr10!
Missing character: There is no   in font cmr10!
Missing character: There is no Â in font cmr10!
Missing character: There is no   in font cmr10!
Missing character: There is no Â in font cmr10!
Missing character: There is no   in font cmr10!
Missing character: There is no Â in font cmr10!
Missing character: There is no   in font cmr10!
Missing character: There is no Â in font cmr10!
Missing character: There is no   in font cmr10!
Missing character: There is no Â in font cmr10!
Missing character: There is no   in font cmr10!
) [8] [9]
("C:\Users\hama5111\Dropbox\Forskning\Labour market flows (1)\writing\Working P
aper\tex\data.tex"

Package natbib Warning: Citation `AKU2012' on page 10 undefined on input line 4
.

[10]

LaTeX Warning: `h' float specifier changed to `ht'.

<Figures/population.pdf, id=59, 845.1575pt x 597.23125pt>
File: Figures/population.pdf Graphic file (type pdf)

<use Figures/population.pdf>
Package pdftex.def Info: Figures/population.pdf used on input line 50.
(pdftex.def)             Requested size: 382.89925pt x 203.255pt.
 [11] [12 <C:/Users/hama5111/Dropbox/Forskning/Labour market flows (1)/writing/
Working Paper/Figures/population.pdf>]
<../../Programs/Figures/fig_descriptive_states.pdf, id=124, 845.1575pt x 597.45
204pt>
File: ../../Programs/Figures/fig_descriptive_states.pdf Graphic file (type pdf)

 <use ../../Programs/Figures/fig_descriptive_states.pdf>
Package pdftex.def Info: ../../Programs/Figures/fig_descriptive_states.pdf used
 on input line 58.
(pdftex.def)             Requested size: 630.60248pt x 409.6756pt.

Overfull \hbox (10.17247pt too wide) in paragraph at lines 58--59
 [][] 
 []

[13 <C:/Users/hama5111/Dropbox/Forskning/Labour market flows (1)/Programs/Figur
es/fig_descriptive_states.pdf, page is rotated 90 degrees>]
<../../Programs/Figures/fig_gross_flows_prob.pdf, id=137, 845.1575pt x 597.4520
4pt>
File: ../../Programs/Figures/fig_gross_flows_prob.pdf Graphic file (type pdf)
 <use ../../Programs/Figures/fig_gross_flows_prob.pdf>
Package pdftex.def Info: ../../Programs/Figures/fig_gross_flows_prob.pdf used o
n input line 67.
(pdftex.def)             Requested size: 630.60248pt x 409.6756pt.

Overfull \hbox (10.17247pt too wide) in paragraph at lines 67--68
 [][] 
 []

[14 <C:/Users/hama5111/Dropbox/Forskning/Labour market flows (1)/Programs/Figur
es/fig_gross_flows_prob.pdf, page is rotated 90 degrees>]
<../../Programs/Figures/fig_hazard_rates.pdf, id=149, 845.1575pt x 597.45204pt>
File: ../../Programs/Figures/fig_hazard_rates.pdf Graphic file (type pdf)
<use ../../Programs/Figures/fig_hazard_rates.pdf>
Package pdftex.def Info: ../../Programs/Figures/fig_hazard_rates.pdf used on in
put line 76.
(pdftex.def)             Requested size: 630.60248pt x 409.6756pt.

Overfull \hbox (10.17247pt too wide) in paragraph at lines 76--77
 [][] 
 []

[15 <C:/Users/hama5111/Dropbox/Forskning/Labour market flows (1)/Programs/Figur
es/fig_hazard_rates.pdf, page is rotated 90 degrees>]
<../../Programs/Figures/fig_log_hazard_rates.pdf, id=161, 845.1575pt x 597.4520
4pt>
File: ../../Programs/Figures/fig_log_hazard_rates.pdf Graphic file (type pdf)
 <use ../../Programs/Figures/fig_log_hazard_rates.pdf>
Package pdftex.def Info: ../../Programs/Figures/fig_log_hazard_rates.pdf used o
n input line 85.
(pdftex.def)             Requested size: 630.60248pt x 409.6756pt.

Overfull \hbox (10.17247pt too wide) in paragraph at lines 85--86
 [][] 
 []

[16 <C:/Users/hama5111/Dropbox/Forskning/Labour market flows (1)/Programs/Figur
es/fig_log_hazard_rates.pdf, page is rotated 90 degrees>]) [17








]
("C:\Users\hama5111\Dropbox\Forskning\Labour market flows (1)\writing\Working P
aper\tex\conclusion.tex") [18]
("C:\Users\hama5111\Dropbox\Forskning\Labour market flows (1)\writing\Working P
aper\working_paper.bbl"

Package natbib Warning: Empty `thebibliography' environment on input line 3.

)

Package natbib Warning: There were undefined citations.

[19]
("C:\Users\hama5111\Dropbox\Forskning\Labour market flows (1)\writing\Working P
aper\working_paper.aux")

LaTeX Warning: There were multiply-defined labels.

 ) 
Here is how much of TeX's memory you used:
 12958 strings out of 493706
 251839 string characters out of 3145381
 301488 words of memory out of 3000000
 15997 multiletter control sequences out of 15000+200000
 13089 words of font info for 50 fonts, out of 3000000 for 9000
 1025 hyphenation exceptions out of 8191
 55i,13n,54p,1520b,278s stack positions out of 5000i,500n,10000p,200000b,50000s
<C:/Users/hama5111/Program/fonts/type1/public/amsfonts/cm/cmbx10.pfb><C:/User
s/hama5111/Program/fonts/type1/public/amsfonts/cm/cmbx12.pfb><C:/Users/hama5111
/Program/fonts/type1/public/amsfonts/cm/cmbx7.pfb><C:/Users/hama5111/Program/fo
nts/type1/public/amsfonts/cm/cmex10.pfb><C:/Users/hama5111/Program/fonts/type1/
public/amsfonts/cmextra/cmex8.pfb><C:/Users/hama5111/Program/fonts/type1/public
/amsfonts/cm/cmmi10.pfb><C:/Users/hama5111/Program/fonts/type1/public/amsfonts/
cm/cmmi12.pfb><C:/Users/hama5111/Program/fonts/type1/public/amsfonts/cm/cmmi5.p
fb><C:/Users/hama5111/Program/fonts/type1/public/amsfonts/cm/cmmi6.pfb><C:/User
s/hama5111/Program/fonts/type1/public/amsfonts/cm/cmmi7.pfb><C:/Users/hama5111/
Program/fonts/type1/public/amsfonts/cm/cmmi8.pfb><C:/Users/hama5111/Program/fon
ts/type1/public/amsfonts/cm/cmr10.pfb><C:/Users/hama5111/Program/fonts/type1/pu
blic/amsfonts/cm/cmr12.pfb><C:/Users/hama5111/Program/fonts/type1/public/amsfon
ts/cm/cmr17.pfb><C:/Users/hama5111/Program/fonts/type1/public/amsfonts/cm/cmr5.
pfb><C:/Users/hama5111/Program/fonts/type1/public/amsfonts/cm/cmr6.pfb><C:/User
s/hama5111/Program/fonts/type1/public/amsfonts/cm/cmr7.pfb><C:/Users/hama5111/P
rogram/fonts/type1/public/amsfonts/cm/cmr8.pfb><C:/Users/hama5111/Program/fonts
/type1/public/amsfonts/cm/cmsy10.pfb><C:/Users/hama5111/Program/fonts/type1/pub
lic/amsfonts/cm/cmsy6.pfb><C:/Users/hama5111/Program/fonts/type1/public/amsfont
s/cm/cmsy7.pfb><C:/Users/hama5111/Program/fonts/type1/public/amsfonts/cm/cmsy8.
pfb><C:/Users/hama5111/Program/fonts/type1/public/amsfonts/cm/cmti10.pfb><C:/Us
ers/hama5111/Program/fonts/type1/public/amsfonts/symbols/msbm10.pfb>
Output written on working_paper.pdf (19 pages, 409083 bytes).
PDF statistics:
 257 PDF objects out of 1000 (max. 8388607)
 0 named destinations out of 1000 (max. 500000)
 68 words of extra memory for PDF output out of 10000 (max. 10000000)

